c:\users\student\documents\visual studio 2015\projects\c+ game\debug\vc140.pdb
c:\users\student\documents\visual studio 2015\projects\c+ game\debug\vc140.idb
c:\users\student\documents\visual studio 2015\projects\c+ game\debug\renderer.obj
c:\users\student\documents\visual studio 2015\projects\c+ game\debug\main.obj
c:\users\student\documents\visual studio 2015\projects\c+ game\debug\object.obj
c:\users\student\documents\visual studio 2015\projects\c+ game\debug\object2d.obj
c:\users\student\documents\visual studio 2015\projects\c+ game\debug\manager.obj
c:\users\student\documents\visual studio 2015\projects\c+ game\debug\input.obj
c:\users\student\documents\visual studio 2015\projects\c+ game\debug\bg.obj
c:\users\student\documents\visual studio 2015\projects\c+ game\debug\enemy.obj
c:\users\student\documents\visual studio 2015\projects\c+ game\debug\player.obj
c:\users\student\documents\visual studio 2015\projects\c+ game\debug\bullet.obj
c:\users\student\documents\visual studio 2015\projects\c+ game\debug\explosion.obj
c:\users\student\documents\visual studio 2015\projects\c+ game\debug\multibg.obj
c:\users\student\documents\visual studio 2015\projects\c+ game\debug\number.obj
c:\users\student\documents\visual studio 2015\projects\c+ game\debug\score.obj
c:\users\student\documents\visual studio 2015\projects\c+ game\debug\time.obj
c:\users\student\documents\visual studio 2015\projects\c+ game\debug\effect.obj
c:\users\student\documents\visual studio 2015\projects\c+ game\debug\particle.obj
c:\users\student\documents\visual studio 2015\projects\c+ game\debug\sound.obj
c:\users\student\documents\visual studio 2015\projects\c+ game\debug\block.obj
c:\users\student\documents\visual studio 2015\projects\c+ game\debug\camera.obj
c:\users\student\documents\visual studio 2015\projects\c+ game\debug\light.obj
c:\users\student\documents\visual studio 2015\projects\c+ game\debug\object3d.obj
c:\users\student\documents\visual studio 2015\projects\c+ game\debug\objx.obj
c:\users\student\documents\visual studio 2015\projects\c+ game\debug\billboard.obj
c:\users\student\documents\visual studio 2015\projects\c+ game\debug\billbullet.obj
c:\users\student\documents\visual studio 2015\projects\c+ game\debug\texture.obj
c:\users\student\documents\visual studio 2015\projects\c+ game\debug\billeffect.obj
c:\users\student\documents\visual studio 2015\projects\c+ game\debug\billparticle.obj
c:\users\student\documents\visual studio 2015\projects\c+ game\debug\objxplayer.obj
c:\users\student\documents\visual studio 2015\projects\c+ game\debug\model.obj
c:\users\student\documents\visual studio 2015\projects\c+ game\debug\motion.obj
c:\users\student\documents\visual studio 2015\projects\c+ game\debug\objxenemy.obj
c:\users\student\documents\visual studio 2015\projects\c+ game\debug\cylinder.obj
c:\users\student\documents\visual studio 2015\projects\c+ game\debug\enemyattack.obj
c:\users\student\documents\visual studio 2015\projects\c+ game\debug\xblock.obj
c:\users\student\documents\visual studio 2015\projects\c+ game\debug\enemyult.obj
c:\users\student\documents\visual studio 2015\projects\c+ game\debug\csv.obj
c:\users\student\documents\visual studio 2015\projects\c+ game\debug\file.obj
c:\users\student\documents\visual studio 2015\projects\c+ game\debug\debucproc.obj
c:\users\student\documents\visual studio 2015\projects\c+ game\debug\life.obj
c:\users\student\documents\visual studio 2015\projects\c+ game\debug\ui.obj
c:\users\student\documents\visual studio 2015\projects\c+ game\debug\game.obj
c:\users\student\documents\visual studio 2015\projects\c+ game\debug\result.obj
c:\users\student\documents\visual studio 2015\projects\c+ game\debug\title.obj
c:\users\student\documents\visual studio 2015\projects\c+ game\debug\c+ game.ilk
c:\users\student\documents\visual studio 2015\projects\c+ game\debug\c+ game.exe
c:\users\student\documents\visual studio 2015\projects\c+ game\debug\c+ game.pdb
c:\users\student\documents\visual studio 2015\projects\c+ game\debug\billbullet.obj.enc
c:\users\student\documents\visual studio 2015\projects\c+ game\debug\bullet.obj.enc
c:\users\student\documents\visual studio 2015\projects\c+ game\debug\effect.obj.enc
c:\users\student\documents\visual studio 2015\projects\c+ game\debug\enemyattack.obj.enc
c:\users\student\documents\visual studio 2015\projects\c+ game\debug\explosion.obj.enc
c:\users\student\documents\visual studio 2015\projects\c+ game\debug\file.obj.enc
c:\users\student\documents\visual studio 2015\projects\c+ game\debug\life.obj.enc
c:\users\student\documents\visual studio 2015\projects\c+ game\debug\manager.obj.enc
c:\users\student\documents\visual studio 2015\projects\c+ game\debug\motion.obj.enc
c:\users\student\documents\visual studio 2015\projects\c+ game\debug\object.obj.enc
c:\users\student\documents\visual studio 2015\projects\c+ game\debug\object2d.obj.enc
c:\users\student\documents\visual studio 2015\projects\c+ game\debug\object3d.obj.enc
c:\users\student\documents\visual studio 2015\projects\c+ game\debug\objx.obj.enc
c:\users\student\documents\visual studio 2015\projects\c+ game\debug\objxenemy.obj.enc
c:\users\student\documents\visual studio 2015\projects\c+ game\debug\particle.obj.enc
c:\users\student\documents\visual studio 2015\projects\c+ game\debug\renderer.obj.enc
c:\users\student\documents\visual studio 2015\projects\c+ game\debug\score.obj.enc
c:\users\student\documents\visual studio 2015\projects\c+ game\debug\texture.obj.enc
c:\users\student\documents\visual studio 2015\projects\c+ game\debug\title.obj.enc
c:\users\student\documents\visual studio 2015\projects\c+ game\debug\c+ game.tlog\cl.command.1.tlog
c:\users\student\documents\visual studio 2015\projects\c+ game\debug\c+ game.tlog\cl.read.1.tlog
c:\users\student\documents\visual studio 2015\projects\c+ game\debug\c+ game.tlog\cl.write.1.tlog
c:\users\student\documents\visual studio 2015\projects\c+ game\debug\c+ game.tlog\link.command.1.tlog
c:\users\student\documents\visual studio 2015\projects\c+ game\debug\c+ game.tlog\link.read.1.tlog
c:\users\student\documents\visual studio 2015\projects\c+ game\debug\c+ game.tlog\link.write.1.tlog
