c:\users\student\documents\visual studio 2015\projects\c+ game\release\vc140.pdb
c:\users\student\documents\visual studio 2015\projects\c+ game\release\model.obj
c:\users\student\documents\visual studio 2015\projects\c+ game\release\manager.obj
c:\users\student\documents\visual studio 2015\projects\c+ game\release\main.obj
c:\users\student\documents\visual studio 2015\projects\c+ game\release\light.obj
c:\users\student\documents\visual studio 2015\projects\c+ game\release\input.obj
c:\users\student\documents\visual studio 2015\projects\c+ game\release\explosion.obj
c:\users\student\documents\visual studio 2015\projects\c+ game\release\enemyult.obj
c:\users\student\documents\visual studio 2015\projects\c+ game\release\enemyattack.obj
c:\users\student\documents\visual studio 2015\projects\c+ game\release\enemy.obj
c:\users\student\documents\visual studio 2015\projects\c+ game\release\effect.obj
c:\users\student\documents\visual studio 2015\projects\c+ game\release\cylinder.obj
c:\users\student\documents\visual studio 2015\projects\c+ game\release\file.obj
c:\users\student\documents\visual studio 2015\projects\c+ game\release\camera.obj
c:\users\student\documents\visual studio 2015\projects\c+ game\release\bullet.obj
c:\users\student\documents\visual studio 2015\projects\c+ game\release\block.obj
c:\users\student\documents\visual studio 2015\projects\c+ game\release\billparticle.obj
c:\users\student\documents\visual studio 2015\projects\c+ game\release\billeffect.obj
c:\users\student\documents\visual studio 2015\projects\c+ game\release\billbullet.obj
c:\users\student\documents\visual studio 2015\projects\c+ game\release\billboard.obj
c:\users\student\documents\visual studio 2015\projects\c+ game\release\bg.obj
c:\users\student\documents\visual studio 2015\projects\c+ game\release\xblock.obj
c:\users\student\documents\visual studio 2015\projects\c+ game\release\time.obj
c:\users\student\documents\visual studio 2015\projects\c+ game\release\texture.obj
c:\users\student\documents\visual studio 2015\projects\c+ game\release\sound.obj
c:\users\student\documents\visual studio 2015\projects\c+ game\release\score.obj
c:\users\student\documents\visual studio 2015\projects\c+ game\release\renderer.obj
c:\users\student\documents\visual studio 2015\projects\c+ game\release\player.obj
c:\users\student\documents\visual studio 2015\projects\c+ game\release\particle.obj
c:\users\student\documents\visual studio 2015\projects\c+ game\release\objxplayer.obj
c:\users\student\documents\visual studio 2015\projects\c+ game\release\objxenemy.obj
c:\users\student\documents\visual studio 2015\projects\c+ game\release\objx.obj
c:\users\student\documents\visual studio 2015\projects\c+ game\release\object3d.obj
c:\users\student\documents\visual studio 2015\projects\c+ game\release\object2d.obj
c:\users\student\documents\visual studio 2015\projects\c+ game\release\object.obj
c:\users\student\documents\visual studio 2015\projects\c+ game\release\number.obj
c:\users\student\documents\visual studio 2015\projects\c+ game\release\multibg.obj
c:\users\student\documents\visual studio 2015\projects\c+ game\release\motion.obj
c:\users\student\documents\visual studio 2015\projects\c+ game\c+ game.exe
c:\users\student\documents\visual studio 2015\projects\c+ game\c+ game.ipdb
c:\users\student\documents\visual studio 2015\projects\c+ game\c+ game.iobj
c:\users\student\documents\visual studio 2015\projects\c+ game\c+ game.pdb
c:\users\student\documents\visual studio 2015\projects\c+ game\release\c+ game.tlog\cl.command.1.tlog
c:\users\student\documents\visual studio 2015\projects\c+ game\release\c+ game.tlog\cl.read.1.tlog
c:\users\student\documents\visual studio 2015\projects\c+ game\release\c+ game.tlog\cl.write.1.tlog
c:\users\student\documents\visual studio 2015\projects\c+ game\release\c+ game.tlog\link.command.1.tlog
c:\users\student\documents\visual studio 2015\projects\c+ game\release\c+ game.tlog\link.read.1.tlog
c:\users\student\documents\visual studio 2015\projects\c+ game\release\c+ game.tlog\link.write.1.tlog
